<?xml version="1.0" encoding="UTF-8"?>
<coverage generated="1552057453482" clover="3.2.0">
  <project timestamp="1552057453482" name="All files">
    <metrics statements="64" coveredstatements="23" conditionals="38" coveredconditionals="4" methods="30" coveredmethods="13" elements="132" coveredelements="40" complexity="0" loc="64" ncloc="64" packages="3" files="7" classes="7">
      <package name="src">
        <metrics statements="49" coveredstatements="9" conditionals="38" coveredconditionals="4" methods="21" coveredmethods="5"/>
        <file name="App.js" path="/Users/joergschneider/Projekte/zeppelin-element-library/src/App.js">
          <metrics statements="4" coveredstatements="3" conditionals="6" coveredconditionals="4" methods="3" coveredmethods="2"/>
          <line num="7" count="1" type="stmt"/>
          <line num="8" count="1" type="stmt"/>
          <line num="33" count="2" type="stmt"/>
          <line num="36" count="0" type="stmt"/>
        </file>
        <file name="serviceWorker.js" path="/Users/joergschneider/Projekte/zeppelin-element-library/src/serviceWorker.js">
          <metrics statements="38" coveredstatements="0" conditionals="32" coveredconditionals="0" methods="15" coveredmethods="0"/>
          <line num="13" count="0" type="stmt"/>
          <line num="24" count="0" type="cond" truecount="0" falsecount="4"/>
          <line num="26" count="0" type="stmt"/>
          <line num="27" count="0" type="cond" truecount="0" falsecount="2"/>
          <line num="31" count="0" type="stmt"/>
          <line num="34" count="0" type="stmt"/>
          <line num="35" count="0" type="stmt"/>
          <line num="37" count="0" type="cond" truecount="0" falsecount="2"/>
          <line num="39" count="0" type="stmt"/>
          <line num="43" count="0" type="stmt"/>
          <line num="44" count="0" type="stmt"/>
          <line num="51" count="0" type="stmt"/>
          <line num="58" count="0" type="stmt"/>
          <line num="61" count="0" type="stmt"/>
          <line num="62" count="0" type="stmt"/>
          <line num="63" count="0" type="cond" truecount="0" falsecount="2"/>
          <line num="64" count="0" type="stmt"/>
          <line num="66" count="0" type="stmt"/>
          <line num="67" count="0" type="cond" truecount="0" falsecount="2"/>
          <line num="68" count="0" type="cond" truecount="0" falsecount="2"/>
          <line num="72" count="0" type="stmt"/>
          <line num="78" count="0" type="cond" truecount="0" falsecount="4"/>
          <line num="79" count="0" type="stmt"/>
          <line num="85" count="0" type="stmt"/>
          <line num="88" count="0" type="cond" truecount="0" falsecount="4"/>
          <line num="89" count="0" type="stmt"/>
          <line num="97" count="0" type="stmt"/>
          <line num="103" count="0" type="stmt"/>
          <line num="106" count="0" type="stmt"/>
          <line num="107" count="0" type="cond" truecount="0" falsecount="2"/>
          <line num="112" count="0" type="stmt"/>
          <line num="113" count="0" type="stmt"/>
          <line num="114" count="0" type="stmt"/>
          <line num="119" count="0" type="stmt"/>
          <line num="123" count="0" type="stmt"/>
          <line num="130" count="0" type="cond" truecount="0" falsecount="2"/>
          <line num="131" count="0" type="stmt"/>
          <line num="132" count="0" type="stmt"/>
        </file>
        <file name="zel.js" path="/Users/joergschneider/Projekte/zeppelin-element-library/src/zel.js">
          <metrics statements="7" coveredstatements="6" conditionals="0" coveredconditionals="0" methods="3" coveredmethods="3"/>
          <line num="13" count="2" type="stmt"/>
          <line num="14" count="2" type="stmt"/>
          <line num="17" count="2" type="stmt"/>
          <line num="22" count="2" type="stmt"/>
          <line num="23" count="2" type="stmt"/>
          <line num="24" count="0" type="stmt"/>
          <line num="26" count="2" type="stmt"/>
        </file>
      </package>
      <package name="src.elements">
        <metrics statements="1" coveredstatements="1" conditionals="0" coveredconditionals="0" methods="0" coveredmethods="0"/>
        <file name="elements.js" path="/Users/joergschneider/Projekte/zeppelin-element-library/src/elements/elements.js">
          <metrics statements="1" coveredstatements="1" conditionals="0" coveredconditionals="0" methods="0" coveredmethods="0"/>
          <line num="1" count="1" type="stmt"/>
        </file>
      </package>
      <package name="src.elements.button">
        <metrics statements="14" coveredstatements="13" conditionals="0" coveredconditionals="0" methods="9" coveredmethods="8"/>
        <file name="ButtonPage.jsx" path="/Users/joergschneider/Projekte/zeppelin-element-library/src/elements/button/ButtonPage.jsx">
          <metrics statements="4" coveredstatements="3" conditionals="0" coveredconditionals="0" methods="3" coveredmethods="2"/>
          <line num="6" count="1" type="stmt"/>
          <line num="7" count="0" type="stmt"/>
          <line num="10" count="1" type="stmt"/>
          <line num="13" count="3" type="stmt"/>
        </file>
        <file name="button.js" path="/Users/joergschneider/Projekte/zeppelin-element-library/src/elements/button/button.js">
          <metrics statements="9" coveredstatements="9" conditionals="0" coveredconditionals="0" methods="6" coveredmethods="6"/>
          <line num="3" count="1" type="stmt"/>
          <line num="4" count="1" type="stmt"/>
          <line num="5" count="1" type="stmt"/>
          <line num="9" count="1" type="stmt"/>
          <line num="10" count="1" type="stmt"/>
          <line num="13" count="1" type="stmt"/>
          <line num="20" count="2" type="stmt"/>
          <line num="24" count="2" type="stmt"/>
          <line num="28" count="1" type="stmt"/>
        </file>
        <file name="buttonData.js" path="/Users/joergschneider/Projekte/zeppelin-element-library/src/elements/button/buttonData.js">
          <metrics statements="1" coveredstatements="1" conditionals="0" coveredconditionals="0" methods="0" coveredmethods="0"/>
          <line num="1" count="2" type="stmt"/>
        </file>
      </package>
    </metrics>
  </project>
</coverage>
