{"/Users/alyssabutler/Desktop/zel/src/App.js": {"path":"/Users/alyssabutler/Desktop/zel/src/App.js","statementMap":{"0":{"start":{"line":6,"column":2},"end":{"line":10,"column":4}}},"fnMap":{"0":{"name":"App","decl":{"start":{"line":5,"column":9},"end":{"line":5,"column":12}},"loc":{"start":{"line":5,"column":15},"end":{"line":11,"column":1}},"line":5}},"branchMap":{},"s":{"0":1},"f":{"0":1},"b":{},"_coverageSchema":"332fd63041d2c1bcb487cc26dd0d5f7d97098a6c","hash":"73573e66403f0f6a6f8971f56550a73e5fd9ace0"}
,"/Users/alyssabutler/Desktop/zel/src/serviceWorker.js": {"path":"/Users/alyssabutler/Desktop/zel/src/serviceWorker.js","statementMap":{"0":{"start":{"line":13,"column":20},"end":{"line":13,"column":0}},"1":{"start":{"line":24,"column":2},"end":{"line":54,"column":3}},"2":{"start":{"line":26,"column":22},"end":{"line":26,"column":4}},"3":{"start":{"line":27,"column":4},"end":{"line":32,"column":5}},"4":{"start":{"line":31,"column":6},"end":{"line":null,"column":-1}},"5":{"start":{"line":34,"column":4},"end":{"line":null,"column":-1}},"6":{"start":{"line":35,"column":21},"end":{"line":35,"column":6}},"7":{"start":{"line":37,"column":6},"end":{"line":52,"column":7}},"8":{"start":{"line":39,"column":8},"end":{"line":37,"column":23}},"9":{"start":{"line":43,"column":8},"end":{"line":null,"column":-1}},"10":{"start":{"line":44,"column":10},"end":{"line":null,"column":-1}},"11":{"start":{"line":51,"column":8},"end":{"line":null,"column":-1}},"12":{"start":{"line":58,"column":2},"end":{"line":null,"column":-1}},"13":{"start":{"line":61,"column":6},"end":{"line":null,"column":-1}},"14":{"start":{"line":62,"column":33},"end":{"line":62,"column":8}},"15":{"start":{"line":63,"column":8},"end":{"line":65,"column":9}},"16":{"start":{"line":64,"column":10},"end":{"line":null,"column":-1}},"17":{"start":{"line":66,"column":8},"end":{"line":null,"column":-1}},"18":{"start":{"line":67,"column":10},"end":{"line":92,"column":11}},"19":{"start":{"line":68,"column":12},"end":{"line":91,"column":13}},"20":{"start":{"line":72,"column":14},"end":{"line":68,"column":52}},"21":{"start":{"line":78,"column":14},"end":{"line":80,"column":15}},"22":{"start":{"line":79,"column":16},"end":{"line":null,"column":-1}},"23":{"start":{"line":85,"column":14},"end":{"line":81,"column":19}},"24":{"start":{"line":88,"column":14},"end":{"line":90,"column":15}},"25":{"start":{"line":89,"column":16},"end":{"line":null,"column":-1}},"26":{"start":{"line":97,"column":6},"end":{"line":null,"column":-1}},"27":{"start":{"line":103,"column":2},"end":{"line":null,"column":-1}},"28":{"start":{"line":106,"column":26},"end":{"line":106,"column":6}},"29":{"start":{"line":107,"column":6},"end":{"line":120,"column":7}},"30":{"start":{"line":112,"column":8},"end":{"line":null,"column":-1}},"31":{"start":{"line":113,"column":10},"end":{"line":null,"column":-1}},"32":{"start":{"line":114,"column":12},"end":{"line":null,"column":-1}},"33":{"start":{"line":119,"column":8},"end":{"line":null,"column":-1}},"34":{"start":{"line":123,"column":6},"end":{"line":null,"column":-1}},"35":{"start":{"line":130,"column":2},"end":{"line":134,"column":3}},"36":{"start":{"line":131,"column":4},"end":{"line":null,"column":-1}},"37":{"start":{"line":132,"column":6},"end":{"line":null,"column":-1}}},"fnMap":{"0":{"name":"register","decl":{"start":{"line":23,"column":16},"end":{"line":23,"column":7}},"loc":{"start":{"line":23,"column":33},"end":{"line":55,"column":1}}},"1":{"name":"(anonymous_1)","decl":{"start":{"line":34,"column":36},"end":{"line":34,"column":41}},"loc":{"start":{"line":34,"column":42},"end":{"line":34,"column":4}}},"2":{"name":"(anonymous_2)","decl":{"start":{"line":43,"column":43},"end":{"line":43,"column":48}},"loc":{"start":{"line":43,"column":49},"end":{"line":43,"column":8}}},"3":{"name":"registerValidSW","decl":{"start":{"line":57,"column":9},"end":{"line":57,"column":0}},"loc":{"start":{"line":57,"column":40},"end":{"line":99,"column":1}}},"4":{"name":"(anonymous_4)","decl":{"start":{"line":60,"column":10},"end":{"line":60,"column":21}},"loc":{"start":{"line":60,"column":26},"end":{"line":58,"column":2}}},"5":{"name":"(anonymous_5)","decl":{"start":{"line":61,"column":35},"end":{"line":61,"column":40}},"loc":{"start":{"line":61,"column":41},"end":{"line":61,"column":6}}},"6":{"name":"(anonymous_6)","decl":{"start":{"line":66,"column":41},"end":{"line":66,"column":46}},"loc":{"start":{"line":66,"column":47},"end":{"line":66,"column":8}}},"7":{"name":"(anonymous_7)","decl":{"start":{"line":96,"column":11},"end":{"line":96,"column":15}},"loc":{"start":{"line":96,"column":20},"end":{"line":58,"column":2}}},"8":{"name":"checkValidServiceWorker","decl":{"start":{"line":101,"column":9},"end":{"line":101,"column":0}},"loc":{"start":{"line":101,"column":48},"end":{"line":127,"column":1}}},"9":{"name":"(anonymous_9)","decl":{"start":{"line":104,"column":10},"end":{"line":104,"column":17}},"loc":{"start":{"line":104,"column":22},"end":{"line":103,"column":2}}},"10":{"name":"(anonymous_10)","decl":{"start":{"line":112,"column":43},"end":{"line":112,"column":54}},"loc":{"start":{"line":112,"column":59},"end":{"line":112,"column":8}}},"11":{"name":"(anonymous_11)","decl":{"start":{"line":113,"column":41},"end":{"line":113,"column":46}},"loc":{"start":{"line":113,"column":47},"end":{"line":113,"column":10}}},"12":{"name":"(anonymous_12)","decl":{"start":{"line":122,"column":11},"end":{"line":122,"column":16}},"loc":{"start":{"line":122,"column":17},"end":{"line":103,"column":2}}},"13":{"name":"unregister","decl":{"start":{"line":129,"column":16},"end":{"line":129,"column":7}},"loc":{"start":{"line":129,"column":29},"end":{"line":135,"column":1}}},"14":{"name":"(anonymous_14)","decl":{"start":{"line":131,"column":39},"end":{"line":131,"column":50}},"loc":{"start":{"line":131,"column":55},"end":{"line":131,"column":4}}}},"branchMap":{"0":{"loc":{"start":{"line":14,"column":2},"end":{"line":14,"column":1}},"type":"binary-expr","locations":[{"start":{"line":14,"column":2},"end":{"line":14,"column":1}},{"start":{"line":16,"column":4},"end":{"line":14,"column":2}},{"start":{"line":18,"column":4},"end":{"line":13,"column":27}}]},"1":{"loc":{"start":{"line":24,"column":2},"end":{"line":54,"column":3}},"type":"if","locations":[{"start":{"line":24,"column":2},"end":{"line":54,"column":3}},{"start":{"line":24,"column":2},"end":{"line":54,"column":3}}]},"2":{"loc":{"start":{"line":24,"column":6},"end":{"line":24,"column":5}},"type":"binary-expr","locations":[{"start":{"line":24,"column":6},"end":{"line":24,"column":5}},{"start":{"line":24,"column":47},"end":{"line":24,"column":2}}]},"3":{"loc":{"start":{"line":27,"column":4},"end":{"line":32,"column":5}},"type":"if","locations":[{"start":{"line":27,"column":4},"end":{"line":32,"column":5}},{"start":{"line":27,"column":4},"end":{"line":32,"column":5}}]},"4":{"loc":{"start":{"line":37,"column":6},"end":{"line":52,"column":7}},"type":"if","locations":[{"start":{"line":37,"column":6},"end":{"line":52,"column":7}},{"start":{"line":37,"column":6},"end":{"line":52,"column":7}}]},"5":{"loc":{"start":{"line":63,"column":8},"end":{"line":65,"column":9}},"type":"if","locations":[{"start":{"line":63,"column":8},"end":{"line":65,"column":9}},{"start":{"line":63,"column":8},"end":{"line":65,"column":9}}]},"6":{"loc":{"start":{"line":67,"column":10},"end":{"line":92,"column":11}},"type":"if","locations":[{"start":{"line":67,"column":10},"end":{"line":92,"column":11}},{"start":{"line":67,"column":10},"end":{"line":92,"column":11}}]},"7":{"loc":{"start":{"line":68,"column":12},"end":{"line":91,"column":13}},"type":"if","locations":[{"start":{"line":68,"column":12},"end":{"line":91,"column":13}},{"start":{"line":68,"column":12},"end":{"line":91,"column":13}}]},"8":{"loc":{"start":{"line":78,"column":14},"end":{"line":80,"column":15}},"type":"if","locations":[{"start":{"line":78,"column":14},"end":{"line":80,"column":15}},{"start":{"line":78,"column":14},"end":{"line":80,"column":15}}]},"9":{"loc":{"start":{"line":78,"column":18},"end":{"line":78,"column":24}},"type":"binary-expr","locations":[{"start":{"line":78,"column":18},"end":{"line":78,"column":24}},{"start":{"line":78,"column":28},"end":{"line":78,"column":14}}]},"10":{"loc":{"start":{"line":88,"column":14},"end":{"line":90,"column":15}},"type":"if","locations":[{"start":{"line":88,"column":14},"end":{"line":90,"column":15}},{"start":{"line":88,"column":14},"end":{"line":90,"column":15}}]},"11":{"loc":{"start":{"line":88,"column":18},"end":{"line":88,"column":24}},"type":"binary-expr","locations":[{"start":{"line":88,"column":18},"end":{"line":88,"column":24}},{"start":{"line":88,"column":28},"end":{"line":88,"column":14}}]},"12":{"loc":{"start":{"line":107,"column":6},"end":{"line":120,"column":7}},"type":"if","locations":[{"start":{"line":107,"column":6},"end":{"line":120,"column":7}},{"start":{"line":107,"column":6},"end":{"line":120,"column":7}}]},"13":{"loc":{"start":{"line":108,"column":8},"end":{"line":108,"column":7}},"type":"binary-expr","locations":[{"start":{"line":108,"column":8},"end":{"line":108,"column":7}},{"start":{"line":109,"column":9},"end":{"line":109,"column":8}},{"start":{"line":109,"column":32},"end":{"line":107,"column":6}}]},"14":{"loc":{"start":{"line":130,"column":2},"end":{"line":134,"column":3}},"type":"if","locations":[{"start":{"line":130,"column":2},"end":{"line":134,"column":3}},{"start":{"line":130,"column":2},"end":{"line":134,"column":3}}]}},"s":{"0":0,"1":0,"2":0,"3":0,"4":0,"5":0,"6":0,"7":0,"8":0,"9":0,"10":0,"11":0,"12":0,"13":0,"14":0,"15":0,"16":0,"17":0,"18":0,"19":0,"20":0,"21":0,"22":0,"23":0,"24":0,"25":0,"26":0,"27":0,"28":0,"29":0,"30":0,"31":0,"32":0,"33":0,"34":0,"35":0,"36":0,"37":0},"f":{"0":0,"1":0,"2":0,"3":0,"4":0,"5":0,"6":0,"7":0,"8":0,"9":0,"10":0,"11":0,"12":0,"13":0,"14":0},"b":{"0":[0,0,0],"1":[0,0],"2":[0,0],"3":[0,0],"4":[0,0],"5":[0,0],"6":[0,0],"7":[0,0],"8":[0,0],"9":[0,0],"10":[0,0],"11":[0,0],"12":[0,0],"13":[0,0,0],"14":[0,0]}}
,"/Users/alyssabutler/Desktop/zel/src/elements/button/Button.jsx": {"path":"/Users/alyssabutler/Desktop/zel/src/elements/button/Button.jsx","statementMap":{"0":{"start":{"line":5,"column":2},"end":{"line":14,"column":4}},"1":{"start":{"line":8,"column":8},"end":{"line":11,"column":10}}},"fnMap":{"0":{"name":"Button","decl":{"start":{"line":4,"column":9},"end":{"line":4,"column":15}},"loc":{"start":{"line":4,"column":18},"end":{"line":15,"column":1}},"line":4},"1":{"name":"(anonymous_1)","decl":{"start":{"line":7,"column":29},"end":{"line":7,"column":30}},"loc":{"start":{"line":8,"column":8},"end":{"line":11,"column":10}},"line":8}},"branchMap":{},"s":{"0":2,"1":6},"f":{"0":2,"1":6},"b":{},"_coverageSchema":"332fd63041d2c1bcb487cc26dd0d5f7d97098a6c","hash":"de8339276639c6a2c0107c15ae7130c7a6b858ff"}
,"/Users/alyssabutler/Desktop/zel/src/elements/button/buttonData.js": {"path":"/Users/alyssabutler/Desktop/zel/src/elements/button/buttonData.js","statementMap":{"0":{"start":{"line":1,"column":0},"end":{"line":20,"column":2}}},"fnMap":{},"branchMap":{},"s":{"0":2},"f":{},"b":{},"_coverageSchema":"332fd63041d2c1bcb487cc26dd0d5f7d97098a6c","hash":"e063e974f9d4da16a04a2b348c37424def28d728"}
}
