{"/Users/joergschneider/Projekte/zeppelin-element-library/src/App.js": {"path":"/Users/joergschneider/Projekte/zeppelin-element-library/src/App.js","statementMap":{"0":{"start":{"line":8,"column":32},"end":{"line":8,"column":51}},"1":{"start":{"line":9,"column":2},"end":{"line":52,"column":4}},"2":{"start":{"line":34,"column":12},"end":{"line":40,"column":21}},"3":{"start":{"line":37,"column":29},"end":{"line":37,"column":60}}},"fnMap":{"0":{"name":"App","decl":{"start":{"line":7,"column":9},"end":{"line":7,"column":12}},"loc":{"start":{"line":7,"column":15},"end":{"line":53,"column":1}},"line":7},"1":{"name":"(anonymous_1)","decl":{"start":{"line":33,"column":37},"end":{"line":33,"column":38}},"loc":{"start":{"line":34,"column":12},"end":{"line":40,"column":21}},"line":34},"2":{"name":"(anonymous_2)","decl":{"start":{"line":37,"column":23},"end":{"line":37,"column":24}},"loc":{"start":{"line":37,"column":29},"end":{"line":37,"column":60}},"line":37}},"branchMap":{"0":{"loc":{"start":{"line":44,"column":11},"end":{"line":46,"column":11}},"type":"binary-expr","locations":[{"start":{"line":44,"column":11},"end":{"line":44,"column":32}},{"start":{"line":45,"column":12},"end":{"line":45,"column":58}}],"line":44},"1":{"loc":{"start":{"line":47,"column":11},"end":{"line":47,"column":49}},"type":"binary-expr","locations":[{"start":{"line":47,"column":11},"end":{"line":47,"column":31}},{"start":{"line":47,"column":35},"end":{"line":47,"column":49}}],"line":47},"2":{"loc":{"start":{"line":48,"column":11},"end":{"line":48,"column":65}},"type":"binary-expr","locations":[{"start":{"line":48,"column":11},"end":{"line":48,"column":29}},{"start":{"line":48,"column":33},"end":{"line":48,"column":65}}],"line":48}},"s":{"0":1,"1":1,"2":2,"3":0},"f":{"0":1,"1":2,"2":0},"b":{"0":[1,1],"1":[1,0],"2":[1,0]},"_coverageSchema":"332fd63041d2c1bcb487cc26dd0d5f7d97098a6c","hash":"c3f194097bc520efd092223ebd9cbcff4a783814"}
,"/Users/joergschneider/Projekte/zeppelin-element-library/src/bundle_source.js": {"path":"/Users/joergschneider/Projekte/zeppelin-element-library/src/bundle_source.js","statementMap":{"0":{"start":{"line":11,"column":23},"end":{"line":11,"column":76}},"1":{"start":{"line":12,"column":2},"end":{"line":12,"column":48}},"2":{"start":{"line":14,"column":2},"end":{"line":16,"column":3}},"3":{"start":{"line":15,"column":4},"end":{"line":15,"column":36}},"4":{"start":{"line":18,"column":2},"end":{"line":18,"column":24}}},"fnMap":{"0":{"name":"getButtons","decl":{"start":{"line":10,"column":16},"end":{"line":10,"column":26}},"loc":{"start":{"line":10,"column":29},"end":{"line":19,"column":1}},"line":10}},"branchMap":{},"s":{"0":0,"1":0,"2":0,"3":0,"4":0},"f":{"0":0},"b":{},"_coverageSchema":"332fd63041d2c1bcb487cc26dd0d5f7d97098a6c","hash":"1dd146a6e2eb511d2a3dc4ad254baf8eee1a424c"}
,"/Users/joergschneider/Projekte/zeppelin-element-library/src/serviceWorker.js": {"path":"/Users/joergschneider/Projekte/zeppelin-element-library/src/serviceWorker.js","statementMap":{"0":{"start":{"line":13,"column":20},"end":{"line":13,"column":0}},"1":{"start":{"line":24,"column":2},"end":{"line":54,"column":3}},"2":{"start":{"line":26,"column":22},"end":{"line":26,"column":4}},"3":{"start":{"line":27,"column":4},"end":{"line":32,"column":5}},"4":{"start":{"line":31,"column":6},"end":{"line":null,"column":-1}},"5":{"start":{"line":34,"column":4},"end":{"line":null,"column":-1}},"6":{"start":{"line":35,"column":21},"end":{"line":35,"column":6}},"7":{"start":{"line":37,"column":6},"end":{"line":52,"column":7}},"8":{"start":{"line":39,"column":8},"end":{"line":37,"column":23}},"9":{"start":{"line":43,"column":8},"end":{"line":null,"column":-1}},"10":{"start":{"line":44,"column":10},"end":{"line":null,"column":-1}},"11":{"start":{"line":51,"column":8},"end":{"line":null,"column":-1}},"12":{"start":{"line":58,"column":2},"end":{"line":null,"column":-1}},"13":{"start":{"line":61,"column":6},"end":{"line":null,"column":-1}},"14":{"start":{"line":62,"column":33},"end":{"line":62,"column":8}},"15":{"start":{"line":63,"column":8},"end":{"line":65,"column":9}},"16":{"start":{"line":64,"column":10},"end":{"line":null,"column":-1}},"17":{"start":{"line":66,"column":8},"end":{"line":null,"column":-1}},"18":{"start":{"line":67,"column":10},"end":{"line":92,"column":11}},"19":{"start":{"line":68,"column":12},"end":{"line":91,"column":13}},"20":{"start":{"line":72,"column":14},"end":{"line":68,"column":52}},"21":{"start":{"line":78,"column":14},"end":{"line":80,"column":15}},"22":{"start":{"line":79,"column":16},"end":{"line":null,"column":-1}},"23":{"start":{"line":85,"column":14},"end":{"line":81,"column":19}},"24":{"start":{"line":88,"column":14},"end":{"line":90,"column":15}},"25":{"start":{"line":89,"column":16},"end":{"line":null,"column":-1}},"26":{"start":{"line":97,"column":6},"end":{"line":null,"column":-1}},"27":{"start":{"line":103,"column":2},"end":{"line":null,"column":-1}},"28":{"start":{"line":106,"column":26},"end":{"line":106,"column":6}},"29":{"start":{"line":107,"column":6},"end":{"line":120,"column":7}},"30":{"start":{"line":112,"column":8},"end":{"line":null,"column":-1}},"31":{"start":{"line":113,"column":10},"end":{"line":null,"column":-1}},"32":{"start":{"line":114,"column":12},"end":{"line":null,"column":-1}},"33":{"start":{"line":119,"column":8},"end":{"line":null,"column":-1}},"34":{"start":{"line":123,"column":6},"end":{"line":null,"column":-1}},"35":{"start":{"line":130,"column":2},"end":{"line":134,"column":3}},"36":{"start":{"line":131,"column":4},"end":{"line":null,"column":-1}},"37":{"start":{"line":132,"column":6},"end":{"line":null,"column":-1}}},"fnMap":{"0":{"name":"register","decl":{"start":{"line":23,"column":16},"end":{"line":23,"column":7}},"loc":{"start":{"line":23,"column":33},"end":{"line":55,"column":1}}},"1":{"name":"(anonymous_1)","decl":{"start":{"line":34,"column":36},"end":{"line":34,"column":41}},"loc":{"start":{"line":34,"column":42},"end":{"line":34,"column":4}}},"2":{"name":"(anonymous_2)","decl":{"start":{"line":43,"column":43},"end":{"line":43,"column":48}},"loc":{"start":{"line":43,"column":49},"end":{"line":43,"column":8}}},"3":{"name":"registerValidSW","decl":{"start":{"line":57,"column":9},"end":{"line":57,"column":0}},"loc":{"start":{"line":57,"column":40},"end":{"line":99,"column":1}}},"4":{"name":"(anonymous_4)","decl":{"start":{"line":60,"column":10},"end":{"line":60,"column":21}},"loc":{"start":{"line":60,"column":26},"end":{"line":58,"column":2}}},"5":{"name":"(anonymous_5)","decl":{"start":{"line":61,"column":35},"end":{"line":61,"column":40}},"loc":{"start":{"line":61,"column":41},"end":{"line":61,"column":6}}},"6":{"name":"(anonymous_6)","decl":{"start":{"line":66,"column":41},"end":{"line":66,"column":46}},"loc":{"start":{"line":66,"column":47},"end":{"line":66,"column":8}}},"7":{"name":"(anonymous_7)","decl":{"start":{"line":96,"column":11},"end":{"line":96,"column":15}},"loc":{"start":{"line":96,"column":20},"end":{"line":58,"column":2}}},"8":{"name":"checkValidServiceWorker","decl":{"start":{"line":101,"column":9},"end":{"line":101,"column":0}},"loc":{"start":{"line":101,"column":48},"end":{"line":127,"column":1}}},"9":{"name":"(anonymous_9)","decl":{"start":{"line":104,"column":10},"end":{"line":104,"column":17}},"loc":{"start":{"line":104,"column":22},"end":{"line":103,"column":2}}},"10":{"name":"(anonymous_10)","decl":{"start":{"line":112,"column":43},"end":{"line":112,"column":54}},"loc":{"start":{"line":112,"column":59},"end":{"line":112,"column":8}}},"11":{"name":"(anonymous_11)","decl":{"start":{"line":113,"column":41},"end":{"line":113,"column":46}},"loc":{"start":{"line":113,"column":47},"end":{"line":113,"column":10}}},"12":{"name":"(anonymous_12)","decl":{"start":{"line":122,"column":11},"end":{"line":122,"column":16}},"loc":{"start":{"line":122,"column":17},"end":{"line":103,"column":2}}},"13":{"name":"unregister","decl":{"start":{"line":129,"column":16},"end":{"line":129,"column":7}},"loc":{"start":{"line":129,"column":29},"end":{"line":135,"column":1}}},"14":{"name":"(anonymous_14)","decl":{"start":{"line":131,"column":39},"end":{"line":131,"column":50}},"loc":{"start":{"line":131,"column":55},"end":{"line":131,"column":4}}}},"branchMap":{"0":{"loc":{"start":{"line":14,"column":2},"end":{"line":14,"column":1}},"type":"binary-expr","locations":[{"start":{"line":14,"column":2},"end":{"line":14,"column":1}},{"start":{"line":16,"column":4},"end":{"line":14,"column":2}},{"start":{"line":18,"column":4},"end":{"line":13,"column":27}}]},"1":{"loc":{"start":{"line":24,"column":2},"end":{"line":54,"column":3}},"type":"if","locations":[{"start":{"line":24,"column":2},"end":{"line":54,"column":3}},{"start":{"line":24,"column":2},"end":{"line":54,"column":3}}]},"2":{"loc":{"start":{"line":24,"column":6},"end":{"line":24,"column":5}},"type":"binary-expr","locations":[{"start":{"line":24,"column":6},"end":{"line":24,"column":5}},{"start":{"line":24,"column":47},"end":{"line":24,"column":2}}]},"3":{"loc":{"start":{"line":27,"column":4},"end":{"line":32,"column":5}},"type":"if","locations":[{"start":{"line":27,"column":4},"end":{"line":32,"column":5}},{"start":{"line":27,"column":4},"end":{"line":32,"column":5}}]},"4":{"loc":{"start":{"line":37,"column":6},"end":{"line":52,"column":7}},"type":"if","locations":[{"start":{"line":37,"column":6},"end":{"line":52,"column":7}},{"start":{"line":37,"column":6},"end":{"line":52,"column":7}}]},"5":{"loc":{"start":{"line":63,"column":8},"end":{"line":65,"column":9}},"type":"if","locations":[{"start":{"line":63,"column":8},"end":{"line":65,"column":9}},{"start":{"line":63,"column":8},"end":{"line":65,"column":9}}]},"6":{"loc":{"start":{"line":67,"column":10},"end":{"line":92,"column":11}},"type":"if","locations":[{"start":{"line":67,"column":10},"end":{"line":92,"column":11}},{"start":{"line":67,"column":10},"end":{"line":92,"column":11}}]},"7":{"loc":{"start":{"line":68,"column":12},"end":{"line":91,"column":13}},"type":"if","locations":[{"start":{"line":68,"column":12},"end":{"line":91,"column":13}},{"start":{"line":68,"column":12},"end":{"line":91,"column":13}}]},"8":{"loc":{"start":{"line":78,"column":14},"end":{"line":80,"column":15}},"type":"if","locations":[{"start":{"line":78,"column":14},"end":{"line":80,"column":15}},{"start":{"line":78,"column":14},"end":{"line":80,"column":15}}]},"9":{"loc":{"start":{"line":78,"column":18},"end":{"line":78,"column":24}},"type":"binary-expr","locations":[{"start":{"line":78,"column":18},"end":{"line":78,"column":24}},{"start":{"line":78,"column":28},"end":{"line":78,"column":14}}]},"10":{"loc":{"start":{"line":88,"column":14},"end":{"line":90,"column":15}},"type":"if","locations":[{"start":{"line":88,"column":14},"end":{"line":90,"column":15}},{"start":{"line":88,"column":14},"end":{"line":90,"column":15}}]},"11":{"loc":{"start":{"line":88,"column":18},"end":{"line":88,"column":24}},"type":"binary-expr","locations":[{"start":{"line":88,"column":18},"end":{"line":88,"column":24}},{"start":{"line":88,"column":28},"end":{"line":88,"column":14}}]},"12":{"loc":{"start":{"line":107,"column":6},"end":{"line":120,"column":7}},"type":"if","locations":[{"start":{"line":107,"column":6},"end":{"line":120,"column":7}},{"start":{"line":107,"column":6},"end":{"line":120,"column":7}}]},"13":{"loc":{"start":{"line":108,"column":8},"end":{"line":108,"column":7}},"type":"binary-expr","locations":[{"start":{"line":108,"column":8},"end":{"line":108,"column":7}},{"start":{"line":109,"column":9},"end":{"line":109,"column":8}},{"start":{"line":109,"column":32},"end":{"line":107,"column":6}}]},"14":{"loc":{"start":{"line":130,"column":2},"end":{"line":134,"column":3}},"type":"if","locations":[{"start":{"line":130,"column":2},"end":{"line":134,"column":3}},{"start":{"line":130,"column":2},"end":{"line":134,"column":3}}]}},"s":{"0":0,"1":0,"2":0,"3":0,"4":0,"5":0,"6":0,"7":0,"8":0,"9":0,"10":0,"11":0,"12":0,"13":0,"14":0,"15":0,"16":0,"17":0,"18":0,"19":0,"20":0,"21":0,"22":0,"23":0,"24":0,"25":0,"26":0,"27":0,"28":0,"29":0,"30":0,"31":0,"32":0,"33":0,"34":0,"35":0,"36":0,"37":0},"f":{"0":0,"1":0,"2":0,"3":0,"4":0,"5":0,"6":0,"7":0,"8":0,"9":0,"10":0,"11":0,"12":0,"13":0,"14":0},"b":{"0":[0,0,0],"1":[0,0],"2":[0,0],"3":[0,0],"4":[0,0],"5":[0,0],"6":[0,0],"7":[0,0],"8":[0,0],"9":[0,0],"10":[0,0],"11":[0,0],"12":[0,0],"13":[0,0,0],"14":[0,0]}}
,"/Users/joergschneider/Projekte/zeppelin-element-library/src/elements/elements.js": {"path":"/Users/joergschneider/Projekte/zeppelin-element-library/src/elements/elements.js","statementMap":{"0":{"start":{"line":1,"column":0},"end":{"line":10,"column":2}}},"fnMap":{},"branchMap":{},"s":{"0":1},"f":{},"b":{},"_coverageSchema":"332fd63041d2c1bcb487cc26dd0d5f7d97098a6c","hash":"f9fcdb87d59df1cb6e2acb6defa0fd47519f51a2"}
,"/Users/joergschneider/Projekte/zeppelin-element-library/src/elements/button/ButtonPage.jsx": {"path":"/Users/joergschneider/Projekte/zeppelin-element-library/src/elements/button/ButtonPage.jsx","statementMap":{"0":{"start":{"line":6,"column":2},"end":{"line":8,"column":5}},"1":{"start":{"line":7,"column":4},"end":{"line":7,"column":27}},"2":{"start":{"line":10,"column":2},"end":{"line":19,"column":4}},"3":{"start":{"line":13,"column":8},"end":{"line":16,"column":10}}},"fnMap":{"0":{"name":"ButtonPage","decl":{"start":{"line":5,"column":9},"end":{"line":5,"column":19}},"loc":{"start":{"line":5,"column":22},"end":{"line":20,"column":1}},"line":5},"1":{"name":"(anonymous_1)","decl":{"start":{"line":6,"column":12},"end":{"line":6,"column":13}},"loc":{"start":{"line":6,"column":18},"end":{"line":8,"column":3}},"line":6},"2":{"name":"(anonymous_2)","decl":{"start":{"line":12,"column":29},"end":{"line":12,"column":30}},"loc":{"start":{"line":13,"column":8},"end":{"line":16,"column":10}},"line":13}},"branchMap":{},"s":{"0":1,"1":0,"2":1,"3":3},"f":{"0":1,"1":0,"2":3},"b":{},"_coverageSchema":"332fd63041d2c1bcb487cc26dd0d5f7d97098a6c","hash":"5b0d6fd39eb5fb20b8a58e44fa2348cbc84e1f75"}
,"/Users/joergschneider/Projekte/zeppelin-element-library/src/elements/button/button.js": {"path":"/Users/joergschneider/Projekte/zeppelin-element-library/src/elements/button/button.js","statementMap":{"0":{"start":{"line":3,"column":4},"end":{"line":3,"column":24}},"1":{"start":{"line":4,"column":4},"end":{"line":4,"column":20}},"2":{"start":{"line":5,"column":4},"end":{"line":5,"column":16}},"3":{"start":{"line":9,"column":4},"end":{"line":9,"column":46}},"4":{"start":{"line":10,"column":4},"end":{"line":16,"column":6}},"5":{"start":{"line":13,"column":8},"end":{"line":13,"column":29}},"6":{"start":{"line":20,"column":4},"end":{"line":20,"column":22}},"7":{"start":{"line":24,"column":4},"end":{"line":24,"column":20}},"8":{"start":{"line":28,"column":4},"end":{"line":28,"column":34}}},"fnMap":{"0":{"name":"(anonymous_0)","decl":{"start":{"line":2,"column":2},"end":{"line":2,"column":3}},"loc":{"start":{"line":2,"column":28},"end":{"line":6,"column":3}},"line":2},"1":{"name":"(anonymous_1)","decl":{"start":{"line":8,"column":2},"end":{"line":8,"column":3}},"loc":{"start":{"line":8,"column":9},"end":{"line":17,"column":3}},"line":8},"2":{"name":"(anonymous_2)","decl":{"start":{"line":12,"column":6},"end":{"line":12,"column":7}},"loc":{"start":{"line":12,"column":11},"end":{"line":14,"column":7}},"line":12},"3":{"name":"(anonymous_3)","decl":{"start":{"line":19,"column":2},"end":{"line":19,"column":3}},"loc":{"start":{"line":19,"column":13},"end":{"line":21,"column":3}},"line":19},"4":{"name":"(anonymous_4)","decl":{"start":{"line":23,"column":2},"end":{"line":23,"column":3}},"loc":{"start":{"line":23,"column":11},"end":{"line":25,"column":3}},"line":23},"5":{"name":"(anonymous_5)","decl":{"start":{"line":27,"column":2},"end":{"line":27,"column":3}},"loc":{"start":{"line":27,"column":18},"end":{"line":29,"column":3}},"line":27}},"branchMap":{},"s":{"0":0,"1":0,"2":0,"3":0,"4":0,"5":0,"6":0,"7":0,"8":0},"f":{"0":0,"1":0,"2":0,"3":0,"4":0,"5":0},"b":{},"_coverageSchema":"332fd63041d2c1bcb487cc26dd0d5f7d97098a6c","hash":"816eb8a44d73d79bec90e7b99989a60f93c23c36"}
,"/Users/joergschneider/Projekte/zeppelin-element-library/src/elements/button/buttonData.js": {"path":"/Users/joergschneider/Projekte/zeppelin-element-library/src/elements/button/buttonData.js","statementMap":{"0":{"start":{"line":1,"column":0},"end":{"line":23,"column":2}}},"fnMap":{},"branchMap":{},"s":{"0":2},"f":{},"b":{},"_coverageSchema":"332fd63041d2c1bcb487cc26dd0d5f7d97098a6c","hash":"70c7a49cb7bc4b1bbc4384dc489ccfe9583d607e"}
}
